Oct 12 12:03:41 [Warning] [default] [default] Exception Object
(
    [message:protected] => SQLSTATE[HY000] [1045] Access denied for user 'root'@'localhost' (using password: YES)
    [string:Exception:private] => Exception: SQLSTATE[HY000] [1045] Access denied for user 'root'@'localhost' (using password: YES) in C:\AppServ\www\sogeplast\chat\livehelperchat-master\lhc_web\lib\core\lhcore\lhdb.php:65
Stack trace:
#0 C:\AppServ\www\sogeplast\chat\livehelperchat-master\lhc_web\ezcomponents\Base\src\init.php(120): erLhcoreClassLazyDatabaseConfiguration::configureObject(false)
#1 C:\AppServ\www\sogeplast\chat\livehelperchat-master\lhc_web\ezcomponents\Database\src\instance.php(96): ezcBaseInit::fetchConfig('ezcInitDatabase...', false)
#2 C:\AppServ\www\sogeplast\chat\livehelperchat-master\lhc_web\lib\core\lhcore\lhlog.php(92): ezcDbInstance::get()
#3 C:\AppServ\www\sogeplast\chat\livehelperchat-master\lhc_web\ezcomponents\Base\src\init.php(120): erLhcoreClassLog::configureObject(Object(ezcLog))
#4 C:\AppServ\www\sogeplast\chat\livehelperchat-master\lhc_web\ezcomponents\EventLog\src\log.php(243): ezcBaseInit::fetchConfig('ezcInitLog', Object(ezcLog))
#5 C:\AppServ\www\sogeplast\chat\livehelperchat-master\lhc_web\lib\core\lhcore\lhlog.php(64): ezcLog::getInstance()
#6 C:\AppServ\www\sogeplast\chat\livehelperchat-master\lhc_web\lib\core\lhcore\lhmodule.php(145): erLhcoreClassLog::write('Exception Objec...')
#7 C:\AppServ\www\sogeplast\chat\livehelperchat-master\lhc_web\lib\core\lhcore\lhmodule.php(542): erLhcoreClassModule::runModule()
#8 C:\AppServ\www\sogeplast\chat\livehelperchat-master\lhc_web\index.php(44): erLhcoreClassModule::moduleInit()
#9 {main}
    [code:protected] => 0
    [file:protected] => C:\AppServ\www\sogeplast\chat\livehelperchat-master\lhc_web\lib\core\lhcore\lhdb.php
    [line:protected] => 65
    [trace:Exception:private] => Array
        (
            [0] => Array
                (
                    [file] => C:\AppServ\www\sogeplast\chat\livehelperchat-master\lhc_web\ezcomponents\Base\src\init.php
                    [line] => 120
                    [function] => configureObject
                    [class] => erLhcoreClassLazyDatabaseConfiguration
                    [type] => ::
                    [args] => Array
                        (
                            [0] => 
                        )

                )

            [1] => Array
                (
                    [file] => C:\AppServ\www\sogeplast\chat\livehelperchat-master\lhc_web\ezcomponents\Database\src\instance.php
                    [line] => 96
                    [function] => fetchConfig
                    [class] => ezcBaseInit
                    [type] => ::
                    [args] => Array
                        (
                            [0] => ezcInitDatabaseInstance
                            [1] => 
                        )

                )

            [2] => Array
                (
                    [file] => C:\AppServ\www\sogeplast\chat\livehelperchat-master\lhc_web\lib\core\lhcore\lhlog.php
                    [line] => 92
                    [function] => get
                    [class] => ezcDbInstance
                    [type] => ::
                    [args] => Array
                        (
                        )

                )

            [3] => Array
                (
                    [file] => C:\AppServ\www\sogeplast\chat\livehelperchat-master\lhc_web\ezcomponents\Base\src\init.php
                    [line] => 120
                    [function] => configureObject
                    [class] => erLhcoreClassLog
                    [type] => ::
                    [args] => Array
                        (
                            [0] => ezcLog Object
                                (
                                    [properties:ezcLog:private] => Array
                                        (
                                            [source] => default
                                            [category] => default
                                        )

                                    [writers:protected] => ezcLogFilterSet Object
                                        (
                                            [rules:ezcLogFilterSet:private] => Array
                                                (
                                                    [0] => ezcLogFilterRule Object
                                                        (
                                                            [filter:ezcLogFilterRule:private] => ezcLogFilter Object
                                                                (
                                                                    [severity] => 249
                                                                    [source] => Array
                                                                        (
                                                                            [0] => *
                                                                        )

                                                                    [category] => Array
                                                                        (
                                                                            [0] => *
                                                                        )

                                                                )

                                                            [continueProcessing:ezcLogFilterRule:private] => 1
                                                            [container:ezcLogFilterRule:private] => Array
                                                                (
                                                                    [0] => ezcLogUnixFileWriter Object
                                                                        (
                                                                            [openFiles:protected] => Array
                                                                                (
                                                                                    [cache/default.log] => Resource id #126
                                                                                )

                                                                            [fileMap:protected] => ezcLogFilterSet Object
                                                                                (
                                                                                    [rules:ezcLogFilterSet:private] => Array
                                                                                        (
                                                                                        )

                                                                                    [cache:ezcLogFilterSet:private] => Array
                                                                                        (
                                                                                        )

                                                                                )

                                                                            [logDirectory:protected] => cache
                                                                            [maxSize:protected] => 204800
                                                                            [maxFiles:protected] => 5
                                                                            [defaultGroup:protected] => 
                                                                            [defaultUser:protected] => 
                                                                            [defaultFile] => default.log
                                                                        )

                                                                )

                                                            [severityStar:ezcLogFilterRule:private] => 
                                                            [sourceStar:ezcLogFilterRule:private] => 1
                                                            [categoryStar:ezcLogFilterRule:private] => 1
                                                            [structure:ezcLogFilterRule:private] => Array
                                                                (
                                                                    [1_*_*] => 1
                                                                    [8_*_*] => 1
                                                                    [16_*_*] => 1
                                                                    [32_*_*] => 1
                                                                    [64_*_*] => 1
                                                                    [128_*_*] => 1
                                                                )

                                                        )

                                                )

                                            [cache:ezcLogFilterSet:private] => Array
                                                (
                                                )

                                        )

                                    [context:protected] => ezcLogContext Object
                                        (
                                            [severityMap:protected] => 
                                            [sourceMap:protected] => 
                                        )

                                    [throwWriterExceptions:ezcLog:private] => 1
                                )

                        )

                )

            [4] => Array
                (
                    [file] => C:\AppServ\www\sogeplast\chat\livehelperchat-master\lhc_web\ezcomponents\EventLog\src\log.php
                    [line] => 243
                    [function] => fetchConfig
                    [class] => ezcBaseInit
                    [type] => ::
                    [args] => Array
                        (
                            [0] => ezcInitLog
                            [1] => ezcLog Object
                                (
                                    [properties:ezcLog:private] => Array
                                        (
                                            [source] => default
                                            [category] => default
                                        )

                                    [writers:protected] => ezcLogFilterSet Object
                                        (
                                            [rules:ezcLogFilterSet:private] => Array
                                                (
                                                    [0] => ezcLogFilterRule Object
                                                        (
                                                            [filter:ezcLogFilterRule:private] => ezcLogFilter Object
                                                                (
                                                                    [severity] => 249
                                                                    [source] => Array
                                                                        (
                                                                            [0] => *
                                                                        )

                                                                    [category] => Array
                                                                        (
                                                                            [0] => *
                                                                        )

                                                                )

                                                            [continueProcessing:ezcLogFilterRule:private] => 1
                                                            [container:ezcLogFilterRule:private] => Array
                                                                (
                                                                    [0] => ezcLogUnixFileWriter Object
                                                                        (
                                                                            [openFiles:protected] => Array
                                                                                (
                                                                                    [cache/default.log] => Resource id #126
                                                                                )

                                                                            [fileMap:protected] => ezcLogFilterSet Object
                                                                                (
                                                                                    [rules:ezcLogFilterSet:private] => Array
                                                                                        (
                                                                                        )

                                                                                    [cache:ezcLogFilterSet:private] => Array
                                                                                        (
                                                                                        )

                                                                                )

                                                                            [logDirectory:protected] => cache
                                                                            [maxSize:protected] => 204800
                                                                            [maxFiles:protected] => 5
                                                                            [defaultGroup:protected] => 
                                                                            [defaultUser:protected] => 
                                                                            [defaultFile] => default.log
                                                                        )

                                                                )

                                                            [severityStar:ezcLogFilterRule:private] => 
                                                            [sourceStar:ezcLogFilterRule:private] => 1
                                                            [categoryStar:ezcLogFilterRule:private] => 1
                                                            [structure:ezcLogFilterRule:private] => Array
                                                                (
                                                                    [1_*_*] => 1
                                                                    [8_*_*] => 1
                                                                    [16_*_*] => 1
                                                                    [32_*_*] => 1
                                                                    [64_*_*] => 1
                                                                    [128_*_*] => 1
                                                                )

                                                        )

                                                )

                                            [cache:ezcLogFilterSet:private] => Array
                                                (
                                                )

                                        )

                                    [context:protected] => ezcLogContext Object
                                        (
                                            [severityMap:protected] => 
                                            [sourceMap:protected] => 
                                        )

                                    [throwWriterExceptions:ezcLog:private] => 1
                                )

                        )

                )

            [5] => Array
                (
                    [file] => C:\AppServ\www\sogeplast\chat\livehelperchat-master\lhc_web\lib\core\lhcore\lhlog.php
                    [line] => 64
                    [function] => getInstance
                    [class] => ezcLog
                    [type] => ::
                    [args] => Array
                        (
                        )

                )

            [6] => Array
                (
                    [file] => C:\AppServ\www\sogeplast\chat\livehelperchat-master\lhc_web\lib\core\lhcore\lhmodule.php
                    [line] => 145
                    [function] => write
                    [class] => erLhcoreClassLog
                    [type] => ::
                    [args] => Array
                        (
                            [0] => Exception Object
(
    [message:protected] => SQLSTATE[HY000] [1045] Access denied for user 'root'@'localhost' (using password: YES)
    [string:Exception:private] => Exception: SQLSTATE[HY000] [1045] Access denied for user 'root'@'localhost' (using password: YES) in C:\AppServ\www\sogeplast\chat\livehelperchat-master\lhc_web\lib\core\lhcore\lhdb.php:65
Stack trace:
#0 C:\AppServ\www\sogeplast\chat\livehelperchat-master\lhc_web\ezcomponents\Base\src\init.php(120): erLhcoreClassLazyDatabaseConfiguration::configureObject(false)
#1 C:\AppServ\www\sogeplast\chat\livehelperchat-master\lhc_web\ezcomponents\Database\src\instance.php(96): ezcBaseInit::fetchConfig('ezcInitDatabase...', false)
#2 C:\AppServ\www\sogeplast\chat\livehelperchat-master\lhc_web\lib\core\lhchat\lhchat.php(736): ezcDbInstance::get()
#3 C:\AppServ\www\sogeplast\chat\livehelperchat-master\lhc_web\cache\compiledtemplates\77a94540268a528663f389ce9436f4f9.php(1): erLhcoreClassChat::isOnline(false, false, Array)
#4 C:\AppServ\www\sogeplast\chat\livehelperchat-master\lhc_web\lib\core\lhtpl\tpl.php(558): include('C:\\AppServ\\www\\...')
#5 C:\AppServ\www\sogeplast\chat\livehelperchat-master\lhc_web\lib\core\lhtpl\tpl.php(531): erLhcoreClassTemplate->fetchExecute('cache/compiledt...')
#6 C:\AppServ\www\sogeplast\chat\livehelperchat-master\lhc_web\cache\compiledtemplates\637f2865c60a02ad97f85055e1b7ca2e.php(2): erLhcoreClassTemplate->fetch()
#7 C:\AppServ\www\sogeplast\chat\livehelperchat-master\lhc_web\lib\core\lhcore\lhmodule.php(96): include('C:\\AppServ\\www\\...')
#8 C:\AppServ\www\sogeplast\chat\livehelperchat-master\lhc_web\lib\core\lhcore\lhmodule.php(542): erLhcoreClassModule::runModule()
#9 C:\AppServ\www\sogeplast\chat\livehelperchat-master\lhc_web\index.php(44): erLhcoreClassModule::moduleInit()
#10 {main}
    [code:protected] => 0
    [file:protected] => C:\AppServ\www\sogeplast\chat\livehelperchat-master\lhc_web\lib\core\lhcore\lhdb.php
    [line:protected] => 65
    [trace:Exception:private] => Array
        (
            [0] => Array
                (
                    [file] => C:\AppServ\www\sogeplast\chat\livehelperchat-master\lhc_web\ezcomponents\Base\src\init.php
                    [line] => 120
                    [function] => configureObject
                    [class] => erLhcoreClassLazyDatabaseConfiguration
                    [type] => ::
                    [args] => Array
                        (
                            [0] => 
                        )

                )

            [1] => Array
                (
                    [file] => C:\AppServ\www\sogeplast\chat\livehelperchat-master\lhc_web\ezcomponents\Database\src\instance.php
                    [line] => 96
                    [function] => fetchConfig
                    [class] => ezcBaseInit
                    [type] => ::
                    [args] => Array
                        (
                            [0] => ezcInitDatabaseInstance
                            [1] => 
                        )

                )

            [2] => Array
                (
                    [file] => C:\AppServ\www\sogeplast\chat\livehelperchat-master\lhc_web\lib\core\lhchat\lhchat.php
                    [line] => 736
                    [function] => get
                    [class] => ezcDbInstance
                    [type] => ::
                    [args] => Array
                        (
                        )

                )

            [3] => Array
                (
                    [file] => C:\AppServ\www\sogeplast\chat\livehelperchat-master\lhc_web\cache\compiledtemplates\77a94540268a528663f389ce9436f4f9.php
                    [line] => 1
                    [function] => isOnline
                    [class] => erLhcoreClassChat
                    [type] => ::
                    [args] => Array
                        (
                            [0] => 
                            [1] => 
                            [2] => Array
                                (
                                    [ignore_user_status] => 0
                                    [online_timeout] => 0
                                )

                        )

                )

            [4] => Array
                (
                    [file] => C:\AppServ\www\sogeplast\chat\livehelperchat-master\lhc_web\lib\core\lhtpl\tpl.php
                    [line] => 558
                    [args] => Array
                        (
                            [0] => C:\AppServ\www\sogeplast\chat\livehelperchat-master\lhc_web\cache\compiledtemplates\77a94540268a528663f389ce9436f4f9.php
                        )

                    [function] => include
                )

            [5] => Array
                (
                    [file] => C:\AppServ\www\sogeplast\chat\livehelperchat-master\lhc_web\lib\core\lhtpl\tpl.php
                    [line] => 531
                    [function] => fetchExecute
                    [class] => erLhcoreClassTemplate
                    [type] => ->
                    [args] => Array
                        (
                            [0] => cache/compiledtemplates/77a94540268a528663f389ce9436f4f9.php
                        )

                )

            [6] => Array
                (
                    [file] => C:\AppServ\www\sogeplast\chat\livehelperchat-master\lhc_web\cache\compiledtemplates\637f2865c60a02ad97f85055e1b7ca2e.php
                    [line] => 2
                    [function] => fetch
                    [class] => erLhcoreClassTemplate
                    [type] => ->
                    [args] => Array
                        (
                        )

                )

            [7] => Array
                (
                    [file] => C:\AppServ\www\sogeplast\chat\livehelperchat-master\lhc_web\lib\core\lhcore\lhmodule.php
                    [line] => 96
                    [args] => Array
                        (
                            [0] => C:\AppServ\www\sogeplast\chat\livehelperchat-master\lhc_web\cache\compiledtemplates\637f2865c60a02ad97f85055e1b7ca2e.php
                        )

                    [function] => include
                )

            [8] => Array
                (
                    [file] => C:\AppServ\www\sogeplast\chat\livehelperchat-master\lhc_web\lib\core\lhcore\lhmodule.php
                    [line] => 542
                    [function] => runModule
                    [class] => erLhcoreClassModule
                    [type] => ::
                    [args] => Array
                        (
                        )

                )

            [9] => Array
                (
                    [file] => C:\AppServ\www\sogeplast\chat\livehelperchat-master\lhc_web\index.php
                    [line] => 44
                    [function] => moduleInit
                    [class] => erLhcoreClassModule
                    [type] => ::
                    [args] => Array
                        (
                        )

                )

        )

    [previous:Exception:private] => 
)

                        )

                )

            [7] => Array
                (
                    [file] => C:\AppServ\www\sogeplast\chat\livehelperchat-master\lhc_web\lib\core\lhcore\lhmodule.php
                    [line] => 542
                    [function] => runModule
                    [class] => erLhcoreClassModule
                    [type] => ::
                    [args] => Array
                        (
                        )

                )

            [8] => Array
                (
                    [file] => C:\AppServ\www\sogeplast\chat\livehelperchat-master\lhc_web\index.php
                    [line] => 44
                    [function] => moduleInit
                    [class] => erLhcoreClassModule
                    [type] => ::
                    [args] => Array
                        (
                        )

                )

        )

    [previous:Exception:private] => 
)

Oct 13 07:01:28 [Warning] [default] [default] Exception Object
(
    [message:protected] => SQLSTATE[HY000] [1045] Access denied for user 'root'@'localhost' (using password: YES)
    [string:Exception:private] => Exception: SQLSTATE[HY000] [1045] Access denied for user 'root'@'localhost' (using password: YES) in C:\AppServ\www\sogeplast\chat\livehelperchat-master\lhc_web\lib\core\lhcore\lhdb.php:65
Stack trace:
#0 C:\AppServ\www\sogeplast\chat\livehelperchat-master\lhc_web\ezcomponents\Base\src\init.php(120): erLhcoreClassLazyDatabaseConfiguration::configureObject(false)
#1 C:\AppServ\www\sogeplast\chat\livehelperchat-master\lhc_web\ezcomponents\Database\src\instance.php(96): ezcBaseInit::fetchConfig('ezcInitDatabase...', false)
#2 C:\AppServ\www\sogeplast\chat\livehelperchat-master\lhc_web\lib\core\lhcore\lhlog.php(92): ezcDbInstance::get()
#3 C:\AppServ\www\sogeplast\chat\livehelperchat-master\lhc_web\ezcomponents\Base\src\init.php(120): erLhcoreClassLog::configureObject(Object(ezcLog))
#4 C:\AppServ\www\sogeplast\chat\livehelperchat-master\lhc_web\ezcomponents\EventLog\src\log.php(243): ezcBaseInit::fetchConfig('ezcInitLog', Object(ezcLog))
#5 C:\AppServ\www\sogeplast\chat\livehelperchat-master\lhc_web\lib\core\lhcore\lhlog.php(64): ezcLog::getInstance()
#6 C:\AppServ\www\sogeplast\chat\livehelperchat-master\lhc_web\lib\core\lhcore\lhmodule.php(145): erLhcoreClassLog::write('Exception Objec...')
#7 C:\AppServ\www\sogeplast\chat\livehelperchat-master\lhc_web\lib\core\lhcore\lhmodule.php(542): erLhcoreClassModule::runModule()
#8 C:\AppServ\www\sogeplast\chat\livehelperchat-master\lhc_web\index.php(44): erLhcoreClassModule::moduleInit()
#9 {main}
    [code:protected] => 0
    [file:protected] => C:\AppServ\www\sogeplast\chat\livehelperchat-master\lhc_web\lib\core\lhcore\lhdb.php
    [line:protected] => 65
    [trace:Exception:private] => Array
        (
            [0] => Array
                (
                    [file] => C:\AppServ\www\sogeplast\chat\livehelperchat-master\lhc_web\ezcomponents\Base\src\init.php
                    [line] => 120
                    [function] => configureObject
                    [class] => erLhcoreClassLazyDatabaseConfiguration
                    [type] => ::
                    [args] => Array
                        (
                            [0] => 
                        )

                )

            [1] => Array
                (
                    [file] => C:\AppServ\www\sogeplast\chat\livehelperchat-master\lhc_web\ezcomponents\Database\src\instance.php
                    [line] => 96
                    [function] => fetchConfig
                    [class] => ezcBaseInit
                    [type] => ::
                    [args] => Array
                        (
                            [0] => ezcInitDatabaseInstance
                            [1] => 
                        )

                )

            [2] => Array
                (
                    [file] => C:\AppServ\www\sogeplast\chat\livehelperchat-master\lhc_web\lib\core\lhcore\lhlog.php
                    [line] => 92
                    [function] => get
                    [class] => ezcDbInstance
                    [type] => ::
                    [args] => Array
                        (
                        )

                )

            [3] => Array
                (
                    [file] => C:\AppServ\www\sogeplast\chat\livehelperchat-master\lhc_web\ezcomponents\Base\src\init.php
                    [line] => 120
                    [function] => configureObject
                    [class] => erLhcoreClassLog
                    [type] => ::
                    [args] => Array
                        (
                            [0] => ezcLog Object
                                (
                                    [properties:ezcLog:private] => Array
                                        (
                                            [source] => default
                                            [category] => default
                                        )

                                    [writers:protected] => ezcLogFilterSet Object
                                        (
                                            [rules:ezcLogFilterSet:private] => Array
                                                (
                                                    [0] => ezcLogFilterRule Object
                                                        (
                                                            [filter:ezcLogFilterRule:private] => ezcLogFilter Object
                                                                (
                                                                    [severity] => 249
                                                                    [source] => Array
                                                                        (
                                                                            [0] => *
                                                                        )

                                                                    [category] => Array
                                                                        (
                                                                            [0] => *
                                                                        )

                                                                )

                                                            [continueProcessing:ezcLogFilterRule:private] => 1
                                                            [container:ezcLogFilterRule:private] => Array
                                                                (
                                                                    [0] => ezcLogUnixFileWriter Object
                                                                        (
                                                                            [openFiles:protected] => Array
                                                                                (
                                                                                    [cache/default.log] => Resource id #126
                                                                                )

                                                                            [fileMap:protected] => ezcLogFilterSet Object
                                                                                (
                                                                                    [rules:ezcLogFilterSet:private] => Array
                                                                                        (
                                                                                        )

                                                                                    [cache:ezcLogFilterSet:private] => Array
                                                                                        (
                                                                                        )

                                                                                )

                                                                            [logDirectory:protected] => cache
                                                                            [maxSize:protected] => 204800
                                                                            [maxFiles:protected] => 5
                                                                            [defaultGroup:protected] => 
                                                                            [defaultUser:protected] => 
                                                                            [defaultFile] => default.log
                                                                        )

                                                                )

                                                            [severityStar:ezcLogFilterRule:private] => 
                                                            [sourceStar:ezcLogFilterRule:private] => 1
                                                            [categoryStar:ezcLogFilterRule:private] => 1
                                                            [structure:ezcLogFilterRule:private] => Array
                                                                (
                                                                    [1_*_*] => 1
                                                                    [8_*_*] => 1
                                                                    [16_*_*] => 1
                                                                    [32_*_*] => 1
                                                                    [64_*_*] => 1
                                                                    [128_*_*] => 1
                                                                )

                                                        )

                                                )

                                            [cache:ezcLogFilterSet:private] => Array
                                                (
                                                )

                                        )

                                    [context:protected] => ezcLogContext Object
                                        (
                                            [severityMap:protected] => 
                                            [sourceMap:protected] => 
                                        )

                                    [throwWriterExceptions:ezcLog:private] => 1
                                )

                        )

                )

            [4] => Array
                (
                    [file] => C:\AppServ\www\sogeplast\chat\livehelperchat-master\lhc_web\ezcomponents\EventLog\src\log.php
                    [line] => 243
                    [function] => fetchConfig
                    [class] => ezcBaseInit
                    [type] => ::
                    [args] => Array
                        (
                            [0] => ezcInitLog
                            [1] => ezcLog Object
                                (
                                    [properties:ezcLog:private] => Array
                                        (
                                            [source] => default
                                            [category] => default
                                        )

                                    [writers:protected] => ezcLogFilterSet Object
                                        (
                                            [rules:ezcLogFilterSet:private] => Array
                                                (
                                                    [0] => ezcLogFilterRule Object
                                                        (
                                                            [filter:ezcLogFilterRule:private] => ezcLogFilter Object
                                                                (
                                                                    [severity] => 249
                                                                    [source] => Array
                                                                        (
                                                                            [0] => *
                                                                        )

                                                                    [category] => Array
                                                                        (
                                                                            [0] => *
                                                                        )

                                                                )

                                                            [continueProcessing:ezcLogFilterRule:private] => 1
                                                            [container:ezcLogFilterRule:private] => Array
                                                                (
                                                                    [0] => ezcLogUnixFileWriter Object
                                                                        (
                                                                            [openFiles:protected] => Array
                                                                                (
                                                                                    [cache/default.log] => Resource id #126
                                                                                )

                                                                            [fileMap:protected] => ezcLogFilterSet Object
                                                                                (
                                                                                    [rules:ezcLogFilterSet:private] => Array
                                                                                        (
                                                                                        )

                                                                                    [cache:ezcLogFilterSet:private] => Array
                                                                                        (
                                                                                        )

                                                                                )

                                                                            [logDirectory:protected] => cache
                                                                            [maxSize:protected] => 204800
                                                                            [maxFiles:protected] => 5
                                                                            [defaultGroup:protected] => 
                                                                            [defaultUser:protected] => 
                                                                            [defaultFile] => default.log
                                                                        )

                                                                )

                                                            [severityStar:ezcLogFilterRule:private] => 
                                                            [sourceStar:ezcLogFilterRule:private] => 1
                                                            [categoryStar:ezcLogFilterRule:private] => 1
                                                            [structure:ezcLogFilterRule:private] => Array
                                                                (
                                                                    [1_*_*] => 1
                                                                    [8_*_*] => 1
                                                                    [16_*_*] => 1
                                                                    [32_*_*] => 1
                                                                    [64_*_*] => 1
                                                                    [128_*_*] => 1
                                                                )

                                                        )

                                                )

                                            [cache:ezcLogFilterSet:private] => Array
                                                (
                                                )

                                        )

                                    [context:protected] => ezcLogContext Object
                                        (
                                            [severityMap:protected] => 
                                            [sourceMap:protected] => 
                                        )

                                    [throwWriterExceptions:ezcLog:private] => 1
                                )

                        )

                )

            [5] => Array
                (
                    [file] => C:\AppServ\www\sogeplast\chat\livehelperchat-master\lhc_web\lib\core\lhcore\lhlog.php
                    [line] => 64
                    [function] => getInstance
                    [class] => ezcLog
                    [type] => ::
                    [args] => Array
                        (
                        )

                )

            [6] => Array
                (
                    [file] => C:\AppServ\www\sogeplast\chat\livehelperchat-master\lhc_web\lib\core\lhcore\lhmodule.php
                    [line] => 145
                    [function] => write
                    [class] => erLhcoreClassLog
                    [type] => ::
                    [args] => Array
                        (
                            [0] => Exception Object
(
    [message:protected] => SQLSTATE[HY000] [1045] Access denied for user 'root'@'localhost' (using password: YES)
    [string:Exception:private] => Exception: SQLSTATE[HY000] [1045] Access denied for user 'root'@'localhost' (using password: YES) in C:\AppServ\www\sogeplast\chat\livehelperchat-master\lhc_web\lib\core\lhcore\lhdb.php:65
Stack trace:
#0 C:\AppServ\www\sogeplast\chat\livehelperchat-master\lhc_web\ezcomponents\Base\src\init.php(120): erLhcoreClassLazyDatabaseConfiguration::configureObject(false)
#1 C:\AppServ\www\sogeplast\chat\livehelperchat-master\lhc_web\ezcomponents\Database\src\instance.php(96): ezcBaseInit::fetchConfig('ezcInitDatabase...', false)
#2 C:\AppServ\www\sogeplast\chat\livehelperchat-master\lhc_web\lib\core\lhchat\lhchat.php(736): ezcDbInstance::get()
#3 C:\AppServ\www\sogeplast\chat\livehelperchat-master\lhc_web\cache\compiledtemplates\77a94540268a528663f389ce9436f4f9.php(1): erLhcoreClassChat::isOnline(false, false, Array)
#4 C:\AppServ\www\sogeplast\chat\livehelperchat-master\lhc_web\lib\core\lhtpl\tpl.php(558): include('C:\\AppServ\\www\\...')
#5 C:\AppServ\www\sogeplast\chat\livehelperchat-master\lhc_web\lib\core\lhtpl\tpl.php(531): erLhcoreClassTemplate->fetchExecute('cache/compiledt...')
#6 C:\AppServ\www\sogeplast\chat\livehelperchat-master\lhc_web\cache\compiledtemplates\637f2865c60a02ad97f85055e1b7ca2e.php(2): erLhcoreClassTemplate->fetch()
#7 C:\AppServ\www\sogeplast\chat\livehelperchat-master\lhc_web\lib\core\lhcore\lhmodule.php(96): include('C:\\AppServ\\www\\...')
#8 C:\AppServ\www\sogeplast\chat\livehelperchat-master\lhc_web\lib\core\lhcore\lhmodule.php(542): erLhcoreClassModule::runModule()
#9 C:\AppServ\www\sogeplast\chat\livehelperchat-master\lhc_web\index.php(44): erLhcoreClassModule::moduleInit()
#10 {main}
    [code:protected] => 0
    [file:protected] => C:\AppServ\www\sogeplast\chat\livehelperchat-master\lhc_web\lib\core\lhcore\lhdb.php
    [line:protected] => 65
    [trace:Exception:private] => Array
        (
            [0] => Array
                (
                    [file] => C:\AppServ\www\sogeplast\chat\livehelperchat-master\lhc_web\ezcomponents\Base\src\init.php
                    [line] => 120
                    [function] => configureObject
                    [class] => erLhcoreClassLazyDatabaseConfiguration
                    [type] => ::
                    [args] => Array
                        (
                            [0] => 
                        )

                )

            [1] => Array
                (
                    [file] => C:\AppServ\www\sogeplast\chat\livehelperchat-master\lhc_web\ezcomponents\Database\src\instance.php
                    [line] => 96
                    [function] => fetchConfig
                    [class] => ezcBaseInit
                    [type] => ::
                    [args] => Array
                        (
                            [0] => ezcInitDatabaseInstance
                            [1] => 
                        )

                )

            [2] => Array
                (
                    [file] => C:\AppServ\www\sogeplast\chat\livehelperchat-master\lhc_web\lib\core\lhchat\lhchat.php
                    [line] => 736
                    [function] => get
                    [class] => ezcDbInstance
                    [type] => ::
                    [args] => Array
                        (
                        )

                )

            [3] => Array
                (
                    [file] => C:\AppServ\www\sogeplast\chat\livehelperchat-master\lhc_web\cache\compiledtemplates\77a94540268a528663f389ce9436f4f9.php
                    [line] => 1
                    [function] => isOnline
                    [class] => erLhcoreClassChat
                    [type] => ::
                    [args] => Array
                        (
                            [0] => 
                            [1] => 
                            [2] => Array
                                (
                                    [ignore_user_status] => 0
                                    [online_timeout] => 0
                                )

                        )

                )

            [4] => Array
                (
                    [file] => C:\AppServ\www\sogeplast\chat\livehelperchat-master\lhc_web\lib\core\lhtpl\tpl.php
                    [line] => 558
                    [args] => Array
                        (
                            [0] => C:\AppServ\www\sogeplast\chat\livehelperchat-master\lhc_web\cache\compiledtemplates\77a94540268a528663f389ce9436f4f9.php
                        )

                    [function] => include
                )

            [5] => Array
                (
                    [file] => C:\AppServ\www\sogeplast\chat\livehelperchat-master\lhc_web\lib\core\lhtpl\tpl.php
                    [line] => 531
                    [function] => fetchExecute
                    [class] => erLhcoreClassTemplate
                    [type] => ->
                    [args] => Array
                        (
                            [0] => cache/compiledtemplates/77a94540268a528663f389ce9436f4f9.php
                        )

                )

            [6] => Array
                (
                    [file] => C:\AppServ\www\sogeplast\chat\livehelperchat-master\lhc_web\cache\compiledtemplates\637f2865c60a02ad97f85055e1b7ca2e.php
                    [line] => 2
                    [function] => fetch
                    [class] => erLhcoreClassTemplate
                    [type] => ->
                    [args] => Array
                        (
                        )

                )

            [7] => Array
                (
                    [file] => C:\AppServ\www\sogeplast\chat\livehelperchat-master\lhc_web\lib\core\lhcore\lhmodule.php
                    [line] => 96
                    [args] => Array
                        (
                            [0] => C:\AppServ\www\sogeplast\chat\livehelperchat-master\lhc_web\cache\compiledtemplates\637f2865c60a02ad97f85055e1b7ca2e.php
                        )

                    [function] => include
                )

            [8] => Array
                (
                    [file] => C:\AppServ\www\sogeplast\chat\livehelperchat-master\lhc_web\lib\core\lhcore\lhmodule.php
                    [line] => 542
                    [function] => runModule
                    [class] => erLhcoreClassModule
                    [type] => ::
                    [args] => Array
                        (
                        )

                )

            [9] => Array
                (
                    [file] => C:\AppServ\www\sogeplast\chat\livehelperchat-master\lhc_web\index.php
                    [line] => 44
                    [function] => moduleInit
                    [class] => erLhcoreClassModule
                    [type] => ::
                    [args] => Array
                        (
                        )

                )

        )

    [previous:Exception:private] => 
)

                        )

                )

            [7] => Array
                (
                    [file] => C:\AppServ\www\sogeplast\chat\livehelperchat-master\lhc_web\lib\core\lhcore\lhmodule.php
                    [line] => 542
                    [function] => runModule
                    [class] => erLhcoreClassModule
                    [type] => ::
                    [args] => Array
                        (
                        )

                )

            [8] => Array
                (
                    [file] => C:\AppServ\www\sogeplast\chat\livehelperchat-master\lhc_web\index.php
                    [line] => 44
                    [function] => moduleInit
                    [class] => erLhcoreClassModule
                    [type] => ::
                    [args] => Array
                        (
                        )

                )

        )

    [previous:Exception:private] => 
)

